{"C:\\Users\\richa\\Desktop\\COURS INFO\\M1\\CI-CD\\Exercice\\api-CICD-26\\src\\lib\\index.ts": {"path":"C:\\Users\\richa\\Desktop\\COURS INFO\\M1\\CI-CD\\Exercice\\api-CICD-26\\src\\lib\\index.ts","all":false,"statementMap":{"0":{"start":{"line":1,"column":0},"end":{"line":1,"column":77}},"1":{"start":{"line":2,"column":0},"end":{"line":2,"column":42}},"2":{"start":{"line":3,"column":0},"end":{"line":3,"column":34}},"3":{"start":{"line":4,"column":0},"end":{"line":4,"column":46}},"4":{"start":{"line":5,"column":0},"end":{"line":5,"column":3}},"5":{"start":{"line":6,"column":0},"end":{"line":6,"column":0}},"6":{"start":{"line":7,"column":0},"end":{"line":7,"column":45}},"7":{"start":{"line":8,"column":0},"end":{"line":8,"column":37}},"8":{"start":{"line":9,"column":0},"end":{"line":9,"column":49}},"9":{"start":{"line":10,"column":0},"end":{"line":10,"column":3}},"10":{"start":{"line":11,"column":0},"end":{"line":11,"column":0}},"11":{"start":{"line":12,"column":0},"end":{"line":12,"column":47}},"12":{"start":{"line":13,"column":0},"end":{"line":13,"column":18}},"13":{"start":{"line":14,"column":0},"end":{"line":14,"column":46}},"14":{"start":{"line":15,"column":0},"end":{"line":15,"column":3}},"15":{"start":{"line":16,"column":0},"end":{"line":16,"column":0}},"16":{"start":{"line":17,"column":0},"end":{"line":17,"column":50}},"17":{"start":{"line":18,"column":0},"end":{"line":18,"column":39}},"18":{"start":{"line":19,"column":0},"end":{"line":19,"column":58}},"19":{"start":{"line":20,"column":0},"end":{"line":20,"column":3}},"20":{"start":{"line":21,"column":0},"end":{"line":21,"column":0}},"21":{"start":{"line":22,"column":0},"end":{"line":22,"column":42}},"22":{"start":{"line":23,"column":0},"end":{"line":23,"column":1}},"23":{"start":{"line":24,"column":0},"end":{"line":24,"column":0}},"24":{"start":{"line":25,"column":0},"end":{"line":25,"column":46}},"25":{"start":{"line":26,"column":0},"end":{"line":26,"column":49}},"26":{"start":{"line":27,"column":0},"end":{"line":27,"column":71}},"27":{"start":{"line":28,"column":0},"end":{"line":28,"column":50}},"28":{"start":{"line":29,"column":0},"end":{"line":29,"column":53}},"29":{"start":{"line":30,"column":0},"end":{"line":30,"column":52}},"30":{"start":{"line":31,"column":0},"end":{"line":31,"column":0}},"31":{"start":{"line":32,"column":0},"end":{"line":32,"column":20}},"32":{"start":{"line":33,"column":0},"end":{"line":33,"column":13}},"33":{"start":{"line":34,"column":0},"end":{"line":34,"column":16}},"34":{"start":{"line":35,"column":0},"end":{"line":35,"column":14}},"35":{"start":{"line":36,"column":0},"end":{"line":36,"column":1}},"36":{"start":{"line":37,"column":0},"end":{"line":37,"column":0}},"37":{"start":{"line":38,"column":0},"end":{"line":38,"column":35}},"38":{"start":{"line":39,"column":0},"end":{"line":39,"column":38}},"39":{"start":{"line":40,"column":0},"end":{"line":40,"column":11}},"40":{"start":{"line":41,"column":0},"end":{"line":41,"column":58}},"41":{"start":{"line":42,"column":0},"end":{"line":42,"column":44}},"42":{"start":{"line":43,"column":0},"end":{"line":43,"column":56}},"43":{"start":{"line":44,"column":0},"end":{"line":44,"column":3}},"44":{"start":{"line":45,"column":0},"end":{"line":45,"column":0}},"45":{"start":{"line":46,"column":0},"end":{"line":46,"column":44}},"46":{"start":{"line":47,"column":0},"end":{"line":47,"column":57}},"47":{"start":{"line":48,"column":0},"end":{"line":48,"column":45}},"48":{"start":{"line":49,"column":0},"end":{"line":49,"column":3}},"49":{"start":{"line":50,"column":0},"end":{"line":50,"column":0}},"50":{"start":{"line":51,"column":0},"end":{"line":51,"column":28}},"51":{"start":{"line":52,"column":0},"end":{"line":52,"column":26}},"52":{"start":{"line":53,"column":0},"end":{"line":53,"column":13}},"53":{"start":{"line":54,"column":0},"end":{"line":54,"column":3}},"54":{"start":{"line":55,"column":0},"end":{"line":55,"column":0}},"55":{"start":{"line":56,"column":0},"end":{"line":56,"column":20}},"56":{"start":{"line":57,"column":0},"end":{"line":57,"column":16}},"57":{"start":{"line":58,"column":0},"end":{"line":58,"column":28}},"58":{"start":{"line":59,"column":0},"end":{"line":59,"column":56}},"59":{"start":{"line":60,"column":0},"end":{"line":60,"column":73}},"60":{"start":{"line":61,"column":0},"end":{"line":61,"column":55}},"61":{"start":{"line":62,"column":0},"end":{"line":62,"column":5}},"62":{"start":{"line":63,"column":0},"end":{"line":63,"column":0}},"63":{"start":{"line":64,"column":0},"end":{"line":64,"column":66}},"64":{"start":{"line":65,"column":0},"end":{"line":65,"column":8}},"65":{"start":{"line":66,"column":0},"end":{"line":66,"column":28}},"66":{"start":{"line":67,"column":0},"end":{"line":67,"column":33}},"67":{"start":{"line":68,"column":0},"end":{"line":68,"column":26}},"68":{"start":{"line":69,"column":0},"end":{"line":69,"column":28}},"69":{"start":{"line":70,"column":0},"end":{"line":70,"column":7}},"70":{"start":{"line":71,"column":0},"end":{"line":71,"column":67}},"71":{"start":{"line":72,"column":0},"end":{"line":72,"column":5}},"72":{"start":{"line":73,"column":0},"end":{"line":73,"column":0}},"73":{"start":{"line":74,"column":0},"end":{"line":74,"column":53}},"74":{"start":{"line":75,"column":0},"end":{"line":75,"column":25}},"75":{"start":{"line":76,"column":0},"end":{"line":76,"column":52}},"76":{"start":{"line":77,"column":0},"end":{"line":77,"column":5}},"77":{"start":{"line":78,"column":0},"end":{"line":78,"column":23}},"78":{"start":{"line":79,"column":0},"end":{"line":79,"column":50}},"79":{"start":{"line":80,"column":0},"end":{"line":80,"column":5}},"80":{"start":{"line":81,"column":0},"end":{"line":81,"column":0}},"81":{"start":{"line":82,"column":0},"end":{"line":82,"column":35}},"82":{"start":{"line":83,"column":0},"end":{"line":83,"column":3}},"83":{"start":{"line":84,"column":0},"end":{"line":84,"column":0}},"84":{"start":{"line":85,"column":0},"end":{"line":85,"column":15}},"85":{"start":{"line":86,"column":0},"end":{"line":86,"column":1}}},"s":{"0":6,"1":6,"2":6,"3":1,"4":1,"5":5,"6":5,"7":6,"8":1,"9":1,"10":4,"11":4,"12":6,"13":1,"14":1,"15":3,"16":3,"17":6,"18":1,"19":1,"20":2,"21":2,"22":2,"23":1,"24":1,"25":1,"26":1,"27":1,"28":1,"29":1,"30":1,"31":1,"32":1,"33":1,"34":1,"35":1,"36":1,"37":14,"38":14,"39":14,"40":14,"41":14,"42":2,"43":2,"44":12,"45":12,"46":14,"47":1,"48":1,"49":11,"50":11,"51":14,"52":1,"53":1,"54":10,"55":10,"56":10,"57":14,"58":11,"59":11,"60":6,"61":6,"62":5,"63":5,"64":5,"65":5,"66":11,"67":11,"68":5,"69":11,"70":0,"71":0,"72":5,"73":5,"74":11,"75":1,"76":1,"77":11,"78":1,"79":1,"80":3,"81":3,"82":3,"83":2,"84":2,"85":2},"branchMap":{"0":{"type":"branch","line":1,"loc":{"start":{"line":1,"column":0},"end":{"line":23,"column":1}},"locations":[{"start":{"line":1,"column":0},"end":{"line":23,"column":1}}]},"1":{"type":"branch","line":3,"loc":{"start":{"line":3,"column":33},"end":{"line":5,"column":3}},"locations":[{"start":{"line":3,"column":33},"end":{"line":5,"column":3}}]},"2":{"type":"branch","line":6,"loc":{"start":{"line":6,"column":-1},"end":{"line":8,"column":36}},"locations":[{"start":{"line":6,"column":-1},"end":{"line":8,"column":36}}]},"3":{"type":"branch","line":8,"loc":{"start":{"line":8,"column":36},"end":{"line":10,"column":3}},"locations":[{"start":{"line":8,"column":36},"end":{"line":10,"column":3}}]},"4":{"type":"branch","line":11,"loc":{"start":{"line":11,"column":-1},"end":{"line":13,"column":17}},"locations":[{"start":{"line":11,"column":-1},"end":{"line":13,"column":17}}]},"5":{"type":"branch","line":13,"loc":{"start":{"line":13,"column":17},"end":{"line":15,"column":3}},"locations":[{"start":{"line":13,"column":17},"end":{"line":15,"column":3}}]},"6":{"type":"branch","line":16,"loc":{"start":{"line":16,"column":-1},"end":{"line":18,"column":22}},"locations":[{"start":{"line":16,"column":-1},"end":{"line":18,"column":22}}]},"7":{"type":"branch","line":18,"loc":{"start":{"line":18,"column":18},"end":{"line":18,"column":36}},"locations":[{"start":{"line":18,"column":18},"end":{"line":18,"column":36}}]},"8":{"type":"branch","line":18,"loc":{"start":{"line":18,"column":38},"end":{"line":20,"column":3}},"locations":[{"start":{"line":18,"column":38},"end":{"line":20,"column":3}}]},"9":{"type":"branch","line":21,"loc":{"start":{"line":21,"column":-1},"end":{"line":23,"column":1}},"locations":[{"start":{"line":21,"column":-1},"end":{"line":23,"column":1}}]},"10":{"type":"branch","line":38,"loc":{"start":{"line":38,"column":0},"end":{"line":86,"column":1}},"locations":[{"start":{"line":38,"column":0},"end":{"line":86,"column":1}}]},"11":{"type":"branch","line":42,"loc":{"start":{"line":42,"column":19},"end":{"line":42,"column":41}},"locations":[{"start":{"line":42,"column":19},"end":{"line":42,"column":41}}]},"12":{"type":"branch","line":42,"loc":{"start":{"line":42,"column":43},"end":{"line":44,"column":3}},"locations":[{"start":{"line":42,"column":43},"end":{"line":44,"column":3}}]},"13":{"type":"branch","line":45,"loc":{"start":{"line":45,"column":-1},"end":{"line":47,"column":34}},"locations":[{"start":{"line":45,"column":-1},"end":{"line":47,"column":34}}]},"14":{"type":"branch","line":47,"loc":{"start":{"line":47,"column":30},"end":{"line":47,"column":54}},"locations":[{"start":{"line":47,"column":30},"end":{"line":47,"column":54}}]},"15":{"type":"branch","line":47,"loc":{"start":{"line":47,"column":56},"end":{"line":49,"column":3}},"locations":[{"start":{"line":47,"column":56},"end":{"line":49,"column":3}}]},"16":{"type":"branch","line":50,"loc":{"start":{"line":50,"column":-1},"end":{"line":52,"column":25}},"locations":[{"start":{"line":50,"column":-1},"end":{"line":52,"column":25}}]},"17":{"type":"branch","line":52,"loc":{"start":{"line":52,"column":25},"end":{"line":54,"column":3}},"locations":[{"start":{"line":52,"column":25},"end":{"line":54,"column":3}}]},"18":{"type":"branch","line":55,"loc":{"start":{"line":55,"column":-1},"end":{"line":58,"column":27}},"locations":[{"start":{"line":55,"column":-1},"end":{"line":58,"column":27}}]},"19":{"type":"branch","line":58,"loc":{"start":{"line":58,"column":27},"end":{"line":83,"column":3}},"locations":[{"start":{"line":58,"column":27},"end":{"line":83,"column":3}}]},"20":{"type":"branch","line":60,"loc":{"start":{"line":60,"column":38},"end":{"line":60,"column":70}},"locations":[{"start":{"line":60,"column":38},"end":{"line":60,"column":70}}]},"21":{"type":"branch","line":60,"loc":{"start":{"line":60,"column":72},"end":{"line":62,"column":5}},"locations":[{"start":{"line":60,"column":72},"end":{"line":62,"column":5}}]},"22":{"type":"branch","line":63,"loc":{"start":{"line":63,"column":-1},"end":{"line":67,"column":30}},"locations":[{"start":{"line":63,"column":-1},"end":{"line":67,"column":30}}]},"23":{"type":"branch","line":67,"loc":{"start":{"line":67,"column":30},"end":{"line":68,"column":23}},"locations":[{"start":{"line":67,"column":30},"end":{"line":68,"column":23}}]},"24":{"type":"branch","line":68,"loc":{"start":{"line":68,"column":23},"end":{"line":69,"column":28}},"locations":[{"start":{"line":68,"column":23},"end":{"line":69,"column":28}}]},"25":{"type":"branch","line":70,"loc":{"start":{"line":70,"column":6},"end":{"line":72,"column":5}},"locations":[{"start":{"line":70,"column":6},"end":{"line":72,"column":5}}]},"26":{"type":"branch","line":73,"loc":{"start":{"line":73,"column":-1},"end":{"line":75,"column":24}},"locations":[{"start":{"line":73,"column":-1},"end":{"line":75,"column":24}}]},"27":{"type":"branch","line":75,"loc":{"start":{"line":75,"column":24},"end":{"line":77,"column":5}},"locations":[{"start":{"line":75,"column":24},"end":{"line":77,"column":5}}]},"28":{"type":"branch","line":78,"loc":{"start":{"line":78,"column":-1},"end":{"line":78,"column":22}},"locations":[{"start":{"line":78,"column":-1},"end":{"line":78,"column":22}}]},"29":{"type":"branch","line":78,"loc":{"start":{"line":78,"column":22},"end":{"line":80,"column":5}},"locations":[{"start":{"line":78,"column":22},"end":{"line":80,"column":5}}]},"30":{"type":"branch","line":81,"loc":{"start":{"line":81,"column":-1},"end":{"line":83,"column":3}},"locations":[{"start":{"line":81,"column":-1},"end":{"line":83,"column":3}}]},"31":{"type":"branch","line":84,"loc":{"start":{"line":84,"column":-1},"end":{"line":86,"column":1}},"locations":[{"start":{"line":84,"column":-1},"end":{"line":86,"column":1}}]}},"b":{"0":[6],"1":[1],"2":[5],"3":[1],"4":[4],"5":[1],"6":[3],"7":[2],"8":[1],"9":[2],"10":[14],"11":[13],"12":[2],"13":[12],"14":[11],"15":[1],"16":[11],"17":[1],"18":[10],"19":[11],"20":[8],"21":[6],"22":[5],"23":[5],"24":[5],"25":[0],"26":[5],"27":[1],"28":[4],"29":[1],"30":[3],"31":[2]},"fnMap":{"0":{"name":"calculatedDiscount","decl":{"start":{"line":1,"column":0},"end":{"line":23,"column":1}},"loc":{"start":{"line":1,"column":0},"end":{"line":23,"column":1}},"line":1},"1":{"name":"calculateCartTotal","decl":{"start":{"line":38,"column":0},"end":{"line":86,"column":1}},"loc":{"start":{"line":38,"column":0},"end":{"line":86,"column":1}},"line":38}},"f":{"0":6,"1":14}}
}
