TN:
SF:src\lib\index.ts
FN:1,calculatedDiscount
FN:38,calculateCartTotal
FNF:2
FNH:2
FNDA:6,calculatedDiscount
FNDA:14,calculateCartTotal
DA:1,6
DA:2,6
DA:3,6
DA:4,1
DA:5,1
DA:6,5
DA:7,5
DA:8,6
DA:9,1
DA:10,1
DA:11,4
DA:12,4
DA:13,6
DA:14,1
DA:15,1
DA:16,3
DA:17,3
DA:18,6
DA:19,1
DA:20,1
DA:21,2
DA:22,2
DA:23,2
DA:24,1
DA:25,1
DA:26,1
DA:27,1
DA:28,1
DA:29,1
DA:30,1
DA:31,1
DA:32,1
DA:33,1
DA:34,1
DA:35,1
DA:36,1
DA:37,1
DA:38,14
DA:39,14
DA:40,14
DA:41,14
DA:42,14
DA:43,2
DA:44,2
DA:45,12
DA:46,12
DA:47,14
DA:48,1
DA:49,1
DA:50,11
DA:51,11
DA:52,14
DA:53,1
DA:54,1
DA:55,10
DA:56,10
DA:57,10
DA:58,14
DA:59,11
DA:60,11
DA:61,6
DA:62,6
DA:63,5
DA:64,5
DA:65,5
DA:66,5
DA:67,11
DA:68,11
DA:69,5
DA:70,11
DA:71,0
DA:72,0
DA:73,5
DA:74,5
DA:75,11
DA:76,1
DA:77,1
DA:78,11
DA:79,1
DA:80,1
DA:81,3
DA:82,3
DA:83,3
DA:84,2
DA:85,2
DA:86,2
LF:86
LH:84
BRDA:1,0,0,6
BRDA:3,1,0,1
BRDA:6,2,0,5
BRDA:8,3,0,1
BRDA:11,4,0,4
BRDA:13,5,0,1
BRDA:16,6,0,3
BRDA:18,7,0,2
BRDA:18,8,0,1
BRDA:21,9,0,2
BRDA:38,10,0,14
BRDA:42,11,0,13
BRDA:42,12,0,2
BRDA:45,13,0,12
BRDA:47,14,0,11
BRDA:47,15,0,1
BRDA:50,16,0,11
BRDA:52,17,0,1
BRDA:55,18,0,10
BRDA:58,19,0,11
BRDA:60,20,0,8
BRDA:60,21,0,6
BRDA:63,22,0,5
BRDA:67,23,0,5
BRDA:68,24,0,5
BRDA:70,25,0,0
BRDA:73,26,0,5
BRDA:75,27,0,1
BRDA:78,28,0,4
BRDA:78,29,0,1
BRDA:81,30,0,3
BRDA:84,31,0,2
BRF:32
BRH:31
end_of_record
